Wed Oct 16 16:54:10 PDT 2024
hpc3-21-12
Number of core entries: 833
Final coverage
   t98:    5 /   10 records
   t95:    5 /   65 records
   t93:    5 /   24 records
 t116h:    5 /   19 records
   t94:    5 /   12 records
    t3:    5 /   56 records
    t9:    5 /   19 records
   t44:    4 /    4 records
   t87:    5 /   24 records
   t75:    5 /  530 records
   t78:    5 /  137 records
   t16:    5 /   16 records
   t15:    5 /    5 records
  t61h:    5 /   34 records
  t60h:    5 /   33 records
  t62h:    5 /   34 records
  t59h:    5 /   33 records
 t148h:    5 /   53 records
 t143h:    5 /   65 records
 t144h:    5 /   50 records
 t149h:    5 /   49 records
 t146h:    5 /   38 records
 t118g:    5 /   30 records
   t70:    5 /   30 records
 t143g:    5 /   13 records
 t154g:    5 /    5 records
 t116g:    5 /    7 records
 t115g:    5 /   14 records
   t86:    2 /    2 records
  t82g:    5 /   22 records
    t1:    5 /   66 records
    t4:    5 /   57 records
   t64:    5 /   88 records
   t67:    5 /   41 records
   t66:    5 /   34 records
   t76:    5 /   53 records
   t17:    5 /  223 records
   t18:    5 /  140 records
   t26:    5 /   17 records
   t19:    5 /   42 records
   t45:    5 /   25 records
   t80:    5 /    9 records
  t82h:    5 /    8 records
  t111:    5 /    5 records
   t27:    5 /  112 records
   t36:    5 /   15 records
   t32:    5 /   11 records
   t40:    5 /   23 records
   t47:    5 /  154 records
  t31a:    5 /    6 records
  t42a:    5 /    6 records
   t31:    5 /    6 records
   t41:    5 /   17 records
   t42:    5 /   25 records
  t109:    5 /   10 records
  t108:    5 /   17 records
   t51:    5 /   56 records
  t138:    5 /   18 records
   t12:    3 /    3 records
   t23:    5 /   34 records
 t127h:    5 /    6 records
   t13:    5 /   27 records
   t14:    5 /   16 records
   t96:    5 /   25 records
    t2:    5 /   23 records
   t10:    5 /   16 records
   t24:    5 /   38 records
   t20:    5 /   44 records
   t25:    5 /   20 records
 t132i:    5 /   19 records
 t131i:    5 /   12 records
   t50:    5 /    5 records
 t132g:    2 /    2 records
 t131h:    3 /    3 records
 t132h:    1 /    1 records
  t107:    5 /   32 records
  t110:    5 /   21 records
  t84g:    5 /    9 records
 t121h:    5 /    7 records
   t49:    1 /    1 records
 t157h:    1 /    1 records
  t58h:    5 /   32 records
   t11:    5 /   16 records
  t58g:    2 /    2 records
   t37:    5 /    9 records
   t29:    5 /   18 records
   t43:    5 /   45 records
   t46:    1 /    1 records
  t71h:    1 /    1 records
 t119g:    5 /   19 records
  t71g:    5 /   16 records
  t160:    5 /   11 records
 t159h:    5 /   19 records
 t161h:    5 /   16 records
 t162h:    5 /   16 records
 t162g:    1 /    1 records
 t161g:    3 /    3 records
  t105:    5 /   78 records
   t48:    5 /   45 records
 t152g:    5 /   28 records
 t147h:    5 /   14 records
 t134g:    2 /    2 records
   t92:    5 /   19 records
   t34:    5 /   24 records
   t38:    5 /   26 records
   t28:    5 /   21 records
 t127i:    1 /    1 records
   t21:    5 /   12 records
 t151g:    5 /   27 records
 t155g:    5 /   11 records
 t156g:    5 /   13 records
   t69:    5 /   20 records
  t128:    3 /    3 records
    t5:    3 /    3 records
   t35:    5 /   39 records
   t33:    5 /   12 records
   t39:    5 /   22 records
    t6:    5 /   11 records
    t8:    4 /    4 records
  t104:    5 /   18 records
  t103:    5 /    9 records
  t83a:    5 /   16 records
 t145h:    3 /    3 records
 t142i:    5 /    5 records
 t124h:    5 /   13 records
   t22:    5 /   15 records
  t136:    5 /    5 records
 t153g:    5 /   13 records
  t106:    5 /   14 records
    t7:    5 /    5 records
 t122k:    5 /   21 records
 t121g:    5 /   38 records
  t114:    2 /    2 records
 t113g:    2 /    2 records
  t135:    5 /    9 records
  t102:    5 /    6 records
 t163h:    5 /    8 records
 t163g:    2 /    2 records
   t91:    5 /   10 records
   t90:    5 /   12 records
 t158g:    2 /    2 records
  t74g:    5 /  130 records
   t77:    5 /  208 records
   t79:    5 /  148 records
 t122i:    5 /    6 records
 t120g:    5 /   11 records
 t122l:    2 /    2 records
   t97:    5 /   14 records
 t150g:    1 /    1 records
   t52:    5 /   11 records
   t53:    5 /    9 records
   t56:    5 /    7 records
   t55:    5 /    5 records
   t54:    4 /    4 records
   t57:    2 /    2 records
  t139:    5 /   12 records
   t68:    5 /    9 records
   t65:    5 /   11 records
  t72g:    5 /   13 records
  t82a:    5 /   10 records
  t83g:    5 /   15 records
   t99:    5 /   10 records
  t100:    4 /    4 records
  t101:    1 /    1 records
 t115h:    5 /   18 records
t123ag:    5 /    9 records
  t125:    5 /    7 records
 t127g:    5 /    6 records
 t130h:    5 /   14 records
 t133i:    5 /    8 records
 t134h:    5 /   12 records
 t142g:    5 /    5 records
 t142h:    2 /    2 records
 t148j:    2 /    2 records
 t144j:    2 /    2 records
 t143j:    1 /    1 records
 t153h:    1 /    1 records
 t155h:    1 /    1 records
 t156h:    1 /    1 records
 t157g:    5 /    6 records
   t63:    5 /    8 records
  t48a:    1 /    1 records
Total records: 2428
Total records to keep: 799
Number of entries after charge check: 1447
Saved to output/torsion-training-set.json
Wed Oct 16 18:30:09 PDT 2024
